2017-12-15 12:23:27,978 p=7898 u=wenwen |   [WARNING]: Host file not found: inventory/inventory.ini

2017-12-15 12:23:27,985 p=7898 u=wenwen |   [WARNING]: provided hosts list is empty, only localhost is available

2017-12-15 12:23:28,462 p=7898 u=wenwen |  PLAY [localhost] *************************************************************************************************
2017-12-15 12:23:28,612 p=7898 u=wenwen |  PLAY RECAP *******************************************************************************************************
2017-12-15 12:23:28,613 p=7898 u=wenwen |  Friday 15 December 2017  12:23:28 +0800 (0:00:00.159)       0:00:00.159 ******* 
2017-12-15 12:23:28,613 p=7898 u=wenwen |  =============================================================================== 
2017-12-15 12:25:29,132 p=7929 u=wenwen |   [WARNING]: provided hosts list is empty, only localhost is available

2017-12-15 12:25:29,535 p=7929 u=wenwen |  PLAY [localhost] *************************************************************************************************
2017-12-15 12:25:29,678 p=7929 u=wenwen |  PLAY RECAP *******************************************************************************************************
2017-12-15 12:25:29,679 p=7929 u=wenwen |  Friday 15 December 2017  12:25:29 +0800 (0:00:00.154)       0:00:00.154 ******* 
2017-12-15 12:25:29,679 p=7929 u=wenwen |  =============================================================================== 
2017-12-15 12:25:55,803 p=7939 u=wenwen |   [WARNING]: provided hosts list is empty, only localhost is available

2017-12-15 12:25:56,033 p=7939 u=wenwen |  PLAY [localhost] *************************************************************************************************
2017-12-15 12:25:56,162 p=7939 u=wenwen |  PLAY RECAP *******************************************************************************************************
2017-12-15 12:25:56,162 p=7939 u=wenwen |  Friday 15 December 2017  12:25:56 +0800 (0:00:00.140)       0:00:00.140 ******* 
2017-12-15 12:25:56,162 p=7939 u=wenwen |  =============================================================================== 
2017-12-15 12:28:43,962 p=7975 u=wenwen |  PLAY [localhost] *************************************************************************************************
2017-12-15 12:28:44,108 p=7975 u=wenwen |  PLAY RECAP *******************************************************************************************************
2017-12-15 12:28:44,108 p=7975 u=wenwen |  Friday 15 December 2017  12:28:44 +0800 (0:00:00.154)       0:00:00.154 ******* 
2017-12-15 12:28:44,108 p=7975 u=wenwen |  =============================================================================== 
2017-12-15 12:29:16,294 p=7988 u=wenwen |  PLAY [localhost] *************************************************************************************************
2017-12-15 12:29:16,542 p=7988 u=wenwen |  TASK [network/vpc : NETWORK | CREATE VPC] ************************************************************************
2017-12-15 12:29:16,542 p=7988 u=wenwen |  Friday 15 December 2017  12:29:16 +0800 (0:00:00.254)       0:00:00.254 ******* 
2017-12-15 12:30:56,186 p=7988 u=wenwen |  fatal: [localhost]: UNREACHABLE! => {"changed": false, "msg": "SSH Error: data could not be sent to remote host \"localhost\". Make sure this host can be reached over ssh", "unreachable": true}
2017-12-15 12:30:56,191 p=7988 u=wenwen |  	to retry, use: --limit @retry_files/build_cluster.retry

2017-12-15 12:30:56,192 p=7988 u=wenwen |  PLAY RECAP *******************************************************************************************************
2017-12-15 12:30:56,193 p=7988 u=wenwen |  localhost                  : ok=0    changed=0    unreachable=1    failed=0   
2017-12-15 12:30:56,195 p=7988 u=wenwen |  Friday 15 December 2017  12:30:56 +0800 (0:01:39.652)       0:01:39.907 ******* 
2017-12-15 12:30:56,195 p=7988 u=wenwen |  =============================================================================== 
2017-12-15 12:30:56,196 p=7988 u=wenwen |  network/vpc : NETWORK | CREATE VPC  ------------------------------------ 99.65s
